<?xml version="1.0" encoding="UTF-8"?>
<!-- Generated by org.testng.reporters.JUnitReportReporter -->
<testsuite hostname="Yousaf-PC" failures="0" tests="6" name="com.package1.SecondCase" time="12.174" errors="0" timestamp="2021-05-25T21:03:14 PKT" skipped="0">
  <testcase classname="com.package1.SecondCase" name="f" time="0.043"/>
  <system-out/>
  <testcase classname="com.package1.SecondCase" name="SuccessLogin" time="2.759"/>
  <system-out/>
  <testcase classname="com.package1.SecondCase" name="SuccessLogin" time="2.488"/>
  <system-out/>
  <testcase classname="com.package1.SecondCase" name="verifyLogout" time="3.606"/>
  <system-out/>
  <testcase classname="com.package1.SecondCase" name="verifyLogout" time="3.239"/>
  <system-out/>
  <testcase classname="com.package1.SecondCase" name="f" time="0.039"/>
  <system-out/>
</testsuite> <!-- com.package1.SecondCase -->
