<?xml version="1.0" encoding="UTF-8"?>
<!-- Generated by org.testng.reporters.JUnitReportReporter -->
<testsuite hostname="Yousaf-PC" failures="0" tests="4" name="com.package1.LoginTest" time="8.841" errors="0" timestamp="2021-05-25T21:03:14 PKT" skipped="0">
  <testcase classname="com.package1.LoginTest" name="verifyLogout" time="3.222"/>
  <system-out/>
  <testcase classname="com.package1.LoginTest" name="verifyLogout" time="3.571"/>
  <system-out/>
  <testcase classname="com.package1.LoginTest" name="SuccessLogin" time="1.323"/>
  <system-out/>
  <testcase classname="com.package1.LoginTest" name="SuccessLogin" time="0.725"/>
  <system-out/>
</testsuite> <!-- com.package1.LoginTest -->
